********************************************************************************
product = Open Liberty 26.0.0.1 (wlp-1.0.109.cl260120260112-1902)
wlp.install.dir = C:/sandbox.edu/Edu/SmileHubAPP/target/liberty/wlp/
java.home = C:\Program Files\Java\jdk-21
java.version = 21.0.8
java.runtime = Java(TM) SE Runtime Environment (21.0.8+12-LTS-250)
os = Windows 11 (10.0; amd64) (es_EC)
process = 16800@PC-Kleyner
Classpath = C:\sandbox.edu\Edu\SmileHubAPP\target\liberty\wlp\bin\tools\ws-server.jar
Java Library path = C:\Program Files\Java\jdk-21\bin;C:\Windows\Sun\Java\bin;C:\Windows\system32;C:\Windows;C:\Program Files\Common Files\Oracle\Java\javapath;C:\Program Files\Microsoft\jdk-17.0.14.7-hotspot\bin;C:\Windows\system32;C:\Windows;C:\Windows\System32\Wbem;C:\Windows\System32\WindowsPowerShell\v1.0\;C:\Windows\System32\OpenSSH\;C:\Program Files\dotnet\;C:\Program Files (x86)\NVIDIA Corporation\PhysX\Common;C:\cygwin64\bin\;C:\cygwin64\lib\;C:\Program Files\Git\cmd;C:\Program Files\NVIDIA Corporation\NVIDIA App\NvDLISR;C:\Program Files\Docker\Docker\resources\bin;C:\Users\Tuf F15\AppData\Local\Microsoft\WindowsApps;C:\Users\Tuf F15\AppData\Local\GitHubDesktop\bin;C:\Users\Tuf F15\AppData\Local\Programs\Microsoft VS Code\bin;.
********************************************************************************
[4/2/26, 09:14:33:473 ECT] 00000001 com.ibm.ws.kernel.launch.internal.FrameworkManager           A CWWKE0001I: El servidor defaultServer se ha lanzado.
[4/2/26, 09:14:34:033 ECT] 00000035 com.ibm.ws.config.xml.internal.ServerXMLConfiguration        A CWWKG0093A: Procesando recurso de drop-ins de configuración: C:\sandbox.edu\Edu\SmileHubAPP\target\liberty\wlp\usr\servers\defaultServer\configDropins\defaults\install_apps_configuration_1491924271.xml
[4/2/26, 09:14:34:602 ECT] 00000001 com.ibm.ws.kernel.launch.internal.FrameworkManager           I CWWKE0002I: El kernel se ha iniciado después de 1,339 segundos
[4/2/26, 09:14:34:640 ECT] 00000043 com.ibm.ws.kernel.feature.internal.FeatureManager            I CWWKF0007I: La actualización de características se ha iniciado.
[4/2/26, 09:14:35:893 ECT] 00000034 com.ibm.ws.security.ready.internal.SecurityReadyServiceImpl  I CWWKS0007I: El servicio de seguridad se está iniciando...
[4/2/26, 09:14:36:113 ECT] 00000038 com.ibm.ws.app.manager.internal.monitor.DropinMonitor        A CWWKZ0058I: Supervisando aplicaciones de dropins.
[4/2/26, 09:14:36:521 ECT] 00000036 com.ibm.ws.cache.ServerCache                                 I DYNA1001I: La instancia de memoria caché dinámica de WebSphere con nombre baseCache se ha inicializado correctamente.
[4/2/26, 09:14:36:525 ECT] 00000036 com.ibm.ws.cache.ServerCache                                 I DYNA1071I: Se está utilizando el proveedor de memoria caché default.
[4/2/26, 09:14:36:528 ECT] 00000036 com.ibm.ws.cache.CacheServiceImpl                            I DYNA1056I: La memoria caché dinámica (memoria caché de objeto) se ha inicializado correctamente.
[4/2/26, 09:14:36:697 ECT] 00000038 org.jboss.weld.Version                                       I WELD-000900: 5.1.1 (SP2)
[4/2/26, 09:14:36:878 ECT] 0000003f com.ibm.ws.ssl.config.WSKeyStore                             I CWPKI0802I: Creando el certificado SSL. Esto puede tardar unos segundos.
[4/2/26, 09:14:36:923 ECT] 00000046 com.ibm.ws.security.token.ltpa.LTPAKeyInfoManager            I CWWKS4103I: Creando las claves LTPA. Esto puede tardar unos segundos.
[4/2/26, 09:14:36:994 ECT] 00000034 ibm.ws.security.authentication.internal.jaas.JAASServiceImpl I CWWKS1123I: Se ha activado el plugin de autenticación colectivo con el nombre de clase NullCollectiveAuthenticationPlugin. 
[4/2/26, 09:14:37:184 ECT] 00000046 com.ibm.ws.security.token.ltpa.LTPAKeyInfoManager            A CWWKS4104A: Las claves LTPA se han creado en 0,261 segundos. Archivo de claves LTPA: C:/sandbox.edu/Edu/SmileHubAPP/target/liberty/wlp/usr/servers/defaultServer/resources/security/ltpa.keys
[4/2/26, 09:14:37:189 ECT] 00000046 com.ibm.ws.security.ready.internal.SecurityReadyServiceImpl  I CWWKS0008I: El servicio de seguridad está listo.
[4/2/26, 09:14:37:189 ECT] 00000046 com.ibm.ws.security.token.ltpa.internal.LTPAKeyCreateTask    I CWWKS4105I: La configuración de LTPA estará lista después de 0,272 segundos.
[4/2/26, 09:14:37:406 ECT] 00000034 com.ibm.ws.security.jaspi.AuthConfigFactoryWrapper           I CWWKS1655I: Se está utilizando la clase AuthConfigFactory com.ibm.ws.security.jaspi.ProviderRegistry de JASPIC (Java Authentication SPI for Containers) predeterminada porque la propiedad de seguridad Java authconfigprovider.factory no está establecida. 
[4/2/26, 09:14:37:735 ECT] 00000046 com.ibm.ws.app.manager.AppMessageHelper                      W CWWKZ0014W: No se ha podido iniciar la aplicación Smile-Hub-app ya que no se encuentra en la ubicación Smile-Hub-app.war.
[4/2/26, 09:14:37:787 ECT] 00000047 com.ibm.ws.app.manager.AppMessageHelper                      I CWWKZ0018I: Iniciando la aplicación jbrew-app.
[4/2/26, 09:14:37:790 ECT] 00000047 bm.ws.app.manager.war.internal.WARDeployedAppInfoFactoryImpl I CWWKZ0134I: La aplicación jbrew-app está utilizando la definición de aplicación dinámica en la ubicación C:\sandbox.edu\Edu\SmileHubAPP\target\liberty\wlp\usr\servers\defaultServer\apps\jbrew-app.war.xml.
[4/2/26, 09:14:37:829 ECT] 0000003f com.ibm.ws.ssl.config.WSKeyStore                             A CWPKI0803A: El certificado SSL se ha creado en 0,951 segundos. Archivo de claves SSL: C:/sandbox.edu/Edu/SmileHubAPP/target/liberty/wlp/usr/servers/defaultServer/resources/security/key.p12
[4/2/26, 09:14:37:829 ECT] 0000003f com.ibm.ws.ssl.config.WSKeyStore                             I Successfully loaded default keystore: C:/sandbox.edu/Edu/SmileHubAPP/target/liberty/wlp/usr/servers/defaultServer/resources/security/key.p12 of type: PKCS12
[4/2/26, 09:14:39:972 ECT] 00000047 org.jboss.weld.Event                                         I WELD-000411: Observer method [BackedAnnotatedMethod] org.apache.myfaces.config.annotation.CdiAnnotationProviderExtension.processAnnotatedType(@Observes ProcessAnnotatedType<T>) receives events for all annotated types. Consider restricting events using @WithAnnotations or a generic type with bounds.
[4/2/26, 09:14:40:032 ECT] 00000047 org.hibernate.validator.internal.util.Version                I HV000001: Hibernate Validator 7.0.4.Final
[4/2/26, 09:14:40:929 ECT] 00000047 com.ibm.ws.session.WASSessionCore                            I SESN8501I: El gestor de sesiones no ha encontrado una ubicación de almacenamiento persistente; los objetos HttpSession se almacenarán en la memoria del servidor de aplicaciones local.
[4/2/26, 09:14:40:945 ECT] 00000047 com.ibm.ws.webcontainer.osgi.webapp.WebGroup                 I SRVE0169I: Cargando módulo web: jbrew-app.
[4/2/26, 09:14:40:948 ECT] 00000047 com.ibm.ws.webcontainer                                      I SRVE0250I: El módulo web jbrew-app se ha enlazado con default_host.
[4/2/26, 09:14:40:949 ECT] 00000047 com.ibm.ws.http.internal.VirtualHostImpl                     A CWWKT0016I: Aplicación web disponible (default_host): http://pc-kleyner.mshome.net:9080/jbrew-app/
[4/2/26, 09:14:40:997 ECT] 00000049 com.ibm.ws.session.WASSessionCore                            I SESN0176I: Se creará un nuevo contexto de sesión para la clave de aplicación default_host/jbrew-app
[4/2/26, 09:14:41:018 ECT] 00000049 com.ibm.ws.util                                              I SESN0172I: El gestor de sesiones está utilizando la implementación de SecureRandom Java por omisión para la generación del ID de sesión.
[4/2/26, 09:14:41:173 ECT] 00000049 com.ibm.ws.cache.CacheServiceImpl                            I DYNA1056I: La memoria caché dinámica (memoria caché de objeto) se ha inicializado correctamente.
[4/2/26, 09:14:41:282 ECT] 00000048 com.ibm.ws.webcontainer.osgi.mbeans.PluginGenerator          I SRVE9103I: Se ha generado automáticamente un archivo de configuración para un plug-in de servidor web para este servidor en C:\sandbox.edu\Edu\SmileHubAPP\target\liberty\wlp\usr\servers\defaultServer\logs\state\plugin-cfg.xml.
[4/2/26, 09:14:41:758 ECT] 00000049 org.apache.myfaces.webapp.MyFacesContainerInitializer        I Using io.openliberty.faces40.internal.ee.WASMyFacesContainerInitializer
[4/2/26, 09:14:41:909 ECT] 00000049 org.apache.myfaces.config.DefaultFacesConfigurationProvider  I Found jakarta.faces.application.ApplicationFactory factory implementation: io.openliberty.faces40.internal.config.WASApplicationFactoryImpl
[4/2/26, 09:14:42:122 ECT] 00000049 org.apache.myfaces.util.ExternalSpecifications               I MyFaces Core CDI support enabled
[4/2/26, 09:14:42:133 ECT] 00000049 org.apache.myfaces.util.ExternalSpecifications               I MyFaces Core Bean Validation support enabled
[4/2/26, 09:14:42:219 ECT] 00000049 org.apache.myfaces.application.ApplicationImpl               I Couldn't discover the current project stage, using Production
[4/2/26, 09:14:42:240 ECT] 00000049 org.primefaces.webapp.PostConstructApplicationEventListener  I Running on PrimeFaces 15.0.0
[4/2/26, 09:14:42:248 ECT] 00000049 org.apache.myfaces.view.facelets.ViewPoolProcessor           I org.apache.myfaces.CACHE_EL_EXPRESSIONS web config parameter is set to "noCache". To enable view pooling this param must be set to "alwaysRecompile". View Pooling disabled.
[4/2/26, 09:14:42:253 ECT] 00000049 org.apache.myfaces.webapp.FacesInitializerImpl               I MyFaces Core has started, it took [477] ms.
[4/2/26, 09:14:42:266 ECT] 00000049 com.ibm.ws.app.manager.AppMessageHelper                      A CWWKZ0001I: La aplicación jbrew-app se ha iniciado en 4,478 segundos.
[4/2/26, 09:14:42:288 ECT] 00000043 com.ibm.ws.tcpchannel.internal.TCPPort                       I CWWKO0219I: El canal TCP defaultHttpEndpoint se ha iniciado y ahora está a la escucha de solicitudes en el host *  (IPv6) puerto 9080.
[4/2/26, 09:14:42:291 ECT] 00000043 com.ibm.ws.tcpchannel.internal.TCPPort                       I CWWKO0219I: El canal TCP defaultHttpEndpoint-ssl se ha iniciado y ahora está a la escucha de solicitudes en el host *  (IPv6) puerto 9443.
[4/2/26, 09:14:42:313 ECT] 00000043 com.ibm.ws.kernel.feature.internal.FeatureManager            A CWWKF0012I: El servidor ha instalado las características siguientes: [appAuthentication-3.0, appSecurity-5.0, beanValidation-3.0, cdi-4.0, concurrent-3.0, distributedMap-1.0, enterpriseBeansLite-4.0, expressionLanguage-5.0, faces-4.0, jdbc-4.2, jndi-1.0, jsonb-3.0, jsonp-2.1, managedBeans-2.0, pages-3.1, persistence-3.1, persistenceContainer-3.1, restfulWS-3.1, restfulWSClient-3.1, servlet-6.0, ssl-1.0, transportSecurity-1.0, webProfile-10.0, websocket-2.1].
[4/2/26, 09:14:42:313 ECT] 00000043 com.ibm.ws.kernel.feature.internal.FeatureManager            I CWWKF0008I: La actualización de características se ha completado en 7,713 segundos.
[4/2/26, 09:14:42:313 ECT] 00000043 com.ibm.ws.kernel.feature.internal.FeatureManager            A CWWKF0011I: El servidor defaultServer está preparado para ejecutar un planeta más inteligente. El servidor defaultServer se ha iniciado en 9,051 segundos.
[4/2/26, 09:14:42:342 ECT] 00000049 com.ibm.ws.webcontainer.servlet                              I SRVE0242I: [jbrew-app] [/jbrew-app] [Faces Servlet]: Inicialización satisfactoria.
[4/2/26, 09:14:42:523 ECT] 00000049 org.jboss.resteasy.resteasy_jaxrs.i18n                       I RESTEASY002225: Deploying jakarta.ws.rs.core.Application: class edu.unl.cc.smilehub.jakarta.hello.HelloApplication$Proxy$_$$_WeldClientProxy
[4/2/26, 09:14:42:550 ECT] 00000049 com.ibm.ws.webcontainer.servlet                              I SRVE0242I: [jbrew-app] [/jbrew-app] [edu.unl.cc.smilehub.jakarta.hello.HelloApplication]: Inicialización satisfactoria.
[4/2/26, 09:14:45:361 ECT] 00000075 org.apache.myfaces.util.ExternalSpecifications               I MyFaces Core Servlet 6.0 support enabled
[4/2/26, 09:14:45:522 ECT] 00000075 org.apache.myfaces.el.ELResolverBuilder                      I Chain of EL resolvers: [org.apache.myfaces.el.resolver.implicitobject.ImplicitObjectResolver@7a835566, org.jboss.weld.module.web.el.WeldELResolver@10ebb736, org.apache.myfaces.el.resolver.CompositeComponentELResolver@25ea1354, org.apache.myfaces.el.resolver.FlashELResolver@1577b3fd, org.apache.myfaces.el.resolver.ResourceResolver@753fec50, jakarta.el.ResourceBundleELResolver@38a0a7c6, org.apache.myfaces.el.resolver.ResourceBundleResolver@4d256335, org.apache.myfaces.el.resolver.ImportConstantsELResolver@65e5c937, org.apache.el.stream.StreamELResolverImpl@6fb2e4b7, jakarta.el.StaticFieldELResolver@5211f010, jakarta.el.MapELResolver@34cb1dac, jakarta.el.ListELResolver@7facc673, jakarta.el.ArrayELResolver@743126d, jakarta.el.BeanELResolver@5a8fe3e5]
[4/2/26, 09:14:45:540 ECT] 00000075 com.ibm.ws.webcontainer.webapp                               I SRVE0292I: Mensaje de servlet - [jbrew-app]:.No state saving method defined, assuming default server state saving
[4/2/26, 09:56:02:756 ECT] 00000025 com.ibm.ws.kernel.launch.internal.ServerCommandListener      A CWWKE0055I: Conclusión del servidor solicitada el miércoles, 4 de febrero de 2026 a las 09:56. El servidor defaultServer se está cerrando.
[4/2/26, 09:56:02:763 ECT] 000015f5 com.ibm.ws.runtime.update.internal.RuntimeUpdateManagerImpl  A CWWKE1100I: Esperando un máximo de 30 segundos para que el servidor se desactive temporalmente.
[4/2/26, 09:56:02:771 ECT] 000015e7 com.ibm.ws.tcpchannel.internal.TCPChannel                    I CWWKO0220I: El canal TCP defaultHttpEndpoint ha detenido la escucha de solicitudes en el host *  (IPv6) puerto 9080.
[4/2/26, 09:56:02:773 ECT] 00001459 com.ibm.ws.tcpchannel.internal.TCPChannel                    I CWWKO0220I: El canal TCP defaultHttpEndpoint-ssl ha detenido la escucha de solicitudes en el host *  (IPv6) puerto 9443.
[4/2/26, 09:56:02:773 ECT] 00001459 com.ibm.ws.http.internal.VirtualHostImpl                     A CWWKT0017I: Aplicación web eliminada (default_host): https://pc-kleyner.mshome.net:9443/jbrew-app/
[4/2/26, 09:56:03:777 ECT] 000015f5 com.ibm.ws.runtime.update.internal.RuntimeUpdateManagerImpl  I CWWKE1101I: La desactivación temporal del servidor ha finalizado.
[4/2/26, 09:56:03:827 ECT] 000015f9 com.ibm.ws.webcontainer.servlet                              I SRVE0253I: [jbrew-app] [/jbrew-app] [edu.unl.cc.smilehub.jakarta.hello.HelloApplication]: Destrucción satisfactoria.
[4/2/26, 09:56:03:827 ECT] 000015f9 com.ibm.ws.webcontainer.servlet                              I SRVE0253I: [jbrew-app] [/jbrew-app] [Faces Servlet]: Destrucción satisfactoria.
[4/2/26, 09:56:03:851 ECT] 000015f9 com.ibm.ws.app.manager.AppMessageHelper                      A CWWKZ0009I: La aplicación jbrew-app se ha detenido correctamente.
[4/2/26, 09:56:04:101 ECT] 000015f5 ibm.ws.security.authentication.internal.jaas.JAASServiceImpl I CWWKS1124I: Se ha desactivado el plugin de autenticación colectiva con el nombre de clase NullCollectiveAuthenticationPlugin. 
[4/2/26, 09:56:04:104 ECT] 000015f5 com.ibm.ws.security.ready.internal.SecurityReadyServiceImpl  I CWWKS0009I: El servicio de seguridad se ha detenido.
[4/2/26, 09:56:04:439 ECT] 00000001 com.ibm.ws.kernel.launch.internal.FrameworkManager           A CWWKE0036I: El servidor defaultServer se ha detenido después de 41 minutos, 31,179 segundos.
